2025-09-24 17:32:26
1
2025-09-24 17:32:26

                    [Video Log]
                    Title      : Best of lofi hip hop 2021 ✨ [beats to relax/study to]
                    Type       : yt
                    ID         : n61ULEU7CO0
                    URL        : https://www.youtube.com/watch?v=n61ULEU7CO0
                    Description: No description
                    Duration   : 370m 58s
                    Views      : 48,691,313
                    Thumbnails :
                    https://i.ytimg.com/vi/n61ULEU7CO0/hq720.jpg?sqp=-oaymwEcCOgCEMoBSFXyq4qpAw4IARUAAIhCGAFwAcABBg==&rs=AOn4CLBsbMTx1evh72jfc4JDtfDXYVhYNg
https://i.ytimg.com/vi/n61ULEU7CO0/hq720.jpg?sqp=-oaymwEcCNAFEJQDSFXyq4qpAw4IARUAAIhCGAFwAcABBg==&rs=AOn4CLAi4TCpAtbxLFIBULRlcZHudl1uFw
                
2025-09-24 17:32:26
2
2025-09-24 17:32:26

                    [Video Log]
                    Title      : lofi hip hop radio – beats to sleep/study/relax to ☕
                    Type       : yt
                    ID         : rPjez8z61rI
                    URL        : https://www.youtube.com/watch?v=rPjez8z61rI
                    Description: No description
                    Duration   : 0m 0s
                    Views      : Unknown
                    Thumbnails :
                    https://i.ytimg.com/vi/rPjez8z61rI/hqdefault.jpg?v=64cac91e&sqp=-oaymwEcCOADEI4CSFXyq4qpAw4IARUAAIhCGAFwAcABBg==&rs=AOn4CLCqJVXJYGYq0yEiI9y3oMX8X-augg
                
2025-09-24 17:32:26
3
2025-09-24 17:32:26

                    [Video Log]
                    Title      : lofi hip hop radio 📚 beats to relax/study to
                    Type       : yt
                    ID         : jfKfPfyJRdk
                    URL        : https://www.youtube.com/watch?v=jfKfPfyJRdk
                    Description: No description
                    Duration   : 0m 0s
                    Views      : Unknown
                    Thumbnails :
                    https://i.ytimg.com/vi/jfKfPfyJRdk/hq720.jpg?v=68bf5a6f&sqp=-oaymwEcCOgCEMoBSFXyq4qpAw4IARUAAIhCGAFwAcABBg==&rs=AOn4CLBAP74LKwgeVlcaO8dzN4FJFRwTVw
https://i.ytimg.com/vi/jfKfPfyJRdk/hq720.jpg?v=68bf5a6f&sqp=-oaymwEcCNAFEJQDSFXyq4qpAw4IARUAAIhCGAFwAcABBg==&rs=AOn4CLBCtG7s0ghyCi0YgPRgfcjEbexTPA
                
2025-09-24 17:32:26
4
2025-09-24 17:32:26

                    [Video Log]
                    Title      : Ｎｉｇｈｔ Ｄｒｉｖｅ ~ lofi hip hop mix ~ beats to chill / drive to
                    Type       : yt
                    ID         : zW5wpJY1rgQ
                    URL        : https://www.youtube.com/watch?v=zW5wpJY1rgQ
                    Description: No description
                    Duration   : 1477m 3s
                    Views      : 4,588,876
                    Thumbnails :
                    https://i.ytimg.com/vi/zW5wpJY1rgQ/hq720.jpg?sqp=-oaymwE2COgCEMoBSFXyq4qpAygIARUAAIhCGAFwAcABBvABAfgB1AaAAuADigIMCAAQARh0IDoofzAP&rs=AOn4CLDl4iayUkIahLqzajCp8JjPrOiWuA
https://i.ytimg.com/vi/zW5wpJY1rgQ/hq720.jpg?sqp=-oaymwE2CNAFEJQDSFXyq4qpAygIARUAAIhCGAFwAcABBvABAfgB1AaAAuADigIMCAAQARh0IDoofzAP&rs=AOn4CLAoT5N_99Ya9OsVa-vwJ1kzPKTawg
                
2025-09-24 17:32:26
5
2025-09-24 17:32:26

                    [Video Log]
                    Title      : lofi hip hop mix 📚 beats to relax/study to (Part 1)
                    Type       : yt
                    ID         : CFGLoQIhmow
                    URL        : https://www.youtube.com/watch?v=CFGLoQIhmow
                    Description: No description
                    Duration   : 170m 41s
                    Views      : 4,231,609
                    Thumbnails :
                    https://i.ytimg.com/vi/CFGLoQIhmow/hq720.jpg?sqp=-oaymwEcCOgCEMoBSFXyq4qpAw4IARUAAIhCGAFwAcABBg==&rs=AOn4CLA2zs01fhuNWvmMYmNyLr7_ldvUaw
https://i.ytimg.com/vi/CFGLoQIhmow/hq720.jpg?sqp=-oaymwEcCNAFEJQDSFXyq4qpAw4IARUAAIhCGAFwAcABBg==&rs=AOn4CLDQAhqBsN-XhWCnIJ2Czmn_rm7Ldg
                
